<?xml version="1.0" encoding="UTF-8"?>
<!-- Generated by org.testng.reporters.JUnitXMLReporter -->
<testsuite ignored="0" hostname="LMC-LT-099" failures="2" tests="2" name="Banking APP Test" time="15.044" errors="0" timestamp="2023-12-26T12:28:10 IST">
  <testcase classname="com.netBanking.testCases.Login001" name="loginDDT" time="1.439">
    <failure type="java.lang.AssertionError">
      <![CDATA[java.lang.AssertionError
at org.junit.Assert.fail(Assert.java:87)
at org.junit.Assert.assertTrue(Assert.java:42)
at org.junit.Assert.assertTrue(Assert.java:53)
at com.netBanking.testCases.Login001.loginDDT(Login001.java:28)
at java.base/java.util.ArrayList.forEach(ArrayList.java:1541)
... Removed 27 stack frames]]>
    </failure>
  </testcase> <!-- loginDDT -->
  <testcase classname="com.netBanking.testCases.Login001" name="loginDDT" time="1.404">
    <failure type="java.lang.AssertionError">
      <![CDATA[java.lang.AssertionError
at org.junit.Assert.fail(Assert.java:87)
at org.junit.Assert.assertTrue(Assert.java:42)
at org.junit.Assert.assertTrue(Assert.java:53)
at com.netBanking.testCases.Login001.loginDDT(Login001.java:28)
at java.base/java.util.ArrayList.forEach(ArrayList.java:1541)
... Removed 27 stack frames]]>
    </failure>
  </testcase> <!-- loginDDT -->
</testsuite> <!-- Banking APP Test -->
