<?xml version="1.0" encoding="UTF-8"?>
<testng-results ignored="0" total="1" passed="1" failed="0" skipped="0">
  <reporter-output>
  </reporter-output>
  <suite started-at="2023-12-27T17:03:48 IST" name="netBanking" finished-at="2023-12-27T17:04:01 IST" duration-ms="12350">
    <groups>
    </groups>
    <test started-at="2023-12-27T17:03:48 IST" name="Banking APP Test" finished-at="2023-12-27T17:04:01 IST" duration-ms="12350">
      <class name="com.netBanking.testCases.LoginTest">
        <test-method is-config="true" signature="setup(java.lang.String)[pri:0, instance:com.netBanking.testCases.LoginTest@576d5deb]" started-at="2023-12-27T17:03:49 IST" name="setup" finished-at="2023-12-27T17:03:55 IST" duration-ms="6011" status="PASS">
          <params>
            <param index="0">
              <value>
                <![CDATA[chrome]]>
              </value>
            </param>
          </params>
          <reporter-output>
          </reporter-output>
        </test-method> <!-- setup -->
        <test-method signature="loginTest()[pri:0, instance:com.netBanking.testCases.LoginTest@576d5deb]" started-at="2023-12-27T17:03:55 IST" name="loginTest" finished-at="2023-12-27T17:04:00 IST" duration-ms="5682" status="PASS">
          <reporter-output>
          </reporter-output>
        </test-method> <!-- loginTest -->
        <test-method is-config="true" signature="tearDown()[pri:0, instance:com.netBanking.testCases.LoginTest@576d5deb]" started-at="2023-12-27T17:04:00 IST" name="tearDown" finished-at="2023-12-27T17:04:01 IST" duration-ms="224" status="PASS">
          <reporter-output>
          </reporter-output>
        </test-method> <!-- tearDown -->
      </class> <!-- com.netBanking.testCases.LoginTest -->
    </test> <!-- Banking APP Test -->
  </suite> <!-- netBanking -->
</testng-results>
